{"meta": {"format": 3, "version": "7.13.5", "timestamp": "2026-04-14T14:37:38.225058", "branch_coverage": false, "show_contexts": false}, "files": {"src\\__init__.py": {"executed_lines": [], "summary": {"covered_lines": 0, "num_statements": 0, "percent_covered": 100.0, "percent_covered_display": "100", "missing_lines": 0, "excluded_lines": 0, "percent_statements_covered": 100.0, "percent_statements_covered_display": "100"}, "missing_lines": [], "excluded_lines": [], "functions": {"": {"executed_lines": [], "summary": {"covered_lines": 0, "num_statements": 0, "percent_covered": 100.0, "percent_covered_display": "100", "missing_lines": 0, "excluded_lines": 0, "percent_statements_covered": 100.0, "percent_statements_covered_display": "100"}, "missing_lines": [], "excluded_lines": [], "start_line": 1}}, "classes": {"": {"executed_lines": [], "summary": {"covered_lines": 0, "num_statements": 0, "percent_covered": 100.0, "percent_covered_display": "100", "missing_lines": 0, "excluded_lines": 0, "percent_statements_covered": 100.0, "percent_statements_covered_display": "100"}, "missing_lines": [], "excluded_lines": [], "start_line": 1}}}, "src\\fair_evaluator\\__init__.py": {"executed_lines": [], "summary": {"covered_lines": 0, "num_statements": 0, "percent_covered": 100.0, "percent_covered_display": "100", "missing_lines": 0, "excluded_lines": 0, "percent_statements_covered": 100.0, "percent_statements_covered_display": "100"}, "missing_lines": [], "excluded_lines": [], "functions": {"": {"executed_lines": [], "summary": {"covered_lines": 0, "num_statements": 0, "percent_covered": 100.0, "percent_covered_display": "100", "missing_lines": 0, "excluded_lines": 0, "percent_statements_covered": 100.0, "percent_statements_covered_display": "100"}, "missing_lines": [], "excluded_lines": [], "start_line": 1}}, "classes": {"": {"executed_lines": [], "summary": {"covered_lines": 0, "num_statements": 0, "percent_covered": 100.0, "percent_covered_display": "100", "missing_lines": 0, "excluded_lines": 0, "percent_statements_covered": 100.0, "percent_statements_covered_display": "100"}, "missing_lines": [], "excluded_lines": [], "start_line": 1}}}, "src\\fair_evaluator\\cli.py": {"executed_lines": [1, 2, 3, 4, 6, 7, 8, 10, 11, 12, 13, 14, 16, 17, 18, 20, 22, 23, 25, 26, 32, 33, 34, 35, 36, 38, 40], "summary": {"covered_lines": 27, "num_statements": 28, "percent_covered": 96.42857142857143, "percent_covered_display": "96", "missing_lines": 1, "excluded_lines": 0, "percent_statements_covered": 96.42857142857143, "percent_statements_covered_display": "96"}, "missing_lines": [41], "excluded_lines": [], "functions": {"main": {"executed_lines": [7, 8, 10, 11, 12, 13, 14, 16, 17, 18, 20, 22, 23, 25, 26, 32, 33, 34, 35, 36, 38], "summary": {"covered_lines": 21, "num_statements": 21, "percent_covered": 100.0, "percent_covered_display": "100", "missing_lines": 0, "excluded_lines": 0, "percent_statements_covered": 100.0, "percent_statements_covered_display": "100"}, "missing_lines": [], "excluded_lines": [], "start_line": 6}, "": {"executed_lines": [1, 2, 3, 4, 6, 40], "summary": {"covered_lines": 6, "num_statements": 7, "percent_covered": 85.71428571428571, "percent_covered_display": "86", "missing_lines": 1, "excluded_lines": 0, "percent_statements_covered": 85.71428571428571, "percent_statements_covered_display": "86"}, "missing_lines": [41], "excluded_lines": [], "start_line": 1}}, "classes": {"": {"executed_lines": [1, 2, 3, 4, 6, 7, 8, 10, 11, 12, 13, 14, 16, 17, 18, 20, 22, 23, 25, 26, 32, 33, 34, 35, 36, 38, 40], "summary": {"covered_lines": 27, "num_statements": 28, "percent_covered": 96.42857142857143, "percent_covered_display": "96", "missing_lines": 1, "excluded_lines": 0, "percent_statements_covered": 96.42857142857143, "percent_statements_covered_display": "96"}, "missing_lines": [41], "excluded_lines": [], "start_line": 1}}}, "src\\fair_evaluator\\db.py": {"executed_lines": [1, 3, 4, 5, 7, 9, 11, 12, 16, 18, 19, 21, 22, 23, 24, 26], "summary": {"covered_lines": 16, "num_statements": 17, "percent_covered": 94.11764705882354, "percent_covered_display": "94", "missing_lines": 1, "excluded_lines": 0, "percent_statements_covered": 94.11764705882354, "percent_statements_covered_display": "94"}, "missing_lines": [14], "excluded_lines": [], "functions": {"get_session": {"executed_lines": [22, 23, 24, 26], "summary": {"covered_lines": 4, "num_statements": 4, "percent_covered": 100.0, "percent_covered_display": "100", "missing_lines": 0, "excluded_lines": 0, "percent_statements_covered": 100.0, "percent_statements_covered_display": "100"}, "missing_lines": [], "excluded_lines": [], "start_line": 21}, "": {"executed_lines": [1, 3, 4, 5, 7, 9, 11, 12, 16, 18, 19, 21], "summary": {"covered_lines": 12, "num_statements": 13, "percent_covered": 92.3076923076923, "percent_covered_display": "92", "missing_lines": 1, "excluded_lines": 0, "percent_statements_covered": 92.3076923076923, "percent_statements_covered_display": "92"}, "missing_lines": [14], "excluded_lines": [], "start_line": 1}}, "classes": {"": {"executed_lines": [1, 3, 4, 5, 7, 9, 11, 12, 16, 18, 19, 21, 22, 23, 24, 26], "summary": {"covered_lines": 16, "num_statements": 17, "percent_covered": 94.11764705882354, "percent_covered_display": "94", "missing_lines": 1, "excluded_lines": 0, "percent_statements_covered": 94.11764705882354, "percent_statements_covered_display": "94"}, "missing_lines": [14], "excluded_lines": [], "start_line": 1}}}, "src\\fair_evaluator\\db_init.py": {"executed_lines": [1, 2], "summary": {"covered_lines": 2, "num_statements": 2, "percent_covered": 100.0, "percent_covered_display": "100", "missing_lines": 0, "excluded_lines": 0, "percent_statements_covered": 100.0, "percent_statements_covered_display": "100"}, "missing_lines": [], "excluded_lines": [], "functions": {"": {"executed_lines": [1, 2], "summary": {"covered_lines": 2, "num_statements": 2, "percent_covered": 100.0, "percent_covered_display": "100", "missing_lines": 0, "excluded_lines": 0, "percent_statements_covered": 100.0, "percent_statements_covered_display": "100"}, "missing_lines": [], "excluded_lines": [], "start_line": 1}}, "classes": {"": {"executed_lines": [1, 2], "summary": {"covered_lines": 2, "num_statements": 2, "percent_covered": 100.0, "percent_covered_display": "100", "missing_lines": 0, "excluded_lines": 0, "percent_statements_covered": 100.0, "percent_statements_covered_display": "100"}, "missing_lines": [], "excluded_lines": [], "start_line": 1}}}, "src\\fair_evaluator\\main.py": {"executed_lines": [1, 2, 3, 4, 5, 6, 7, 8, 10, 11, 13, 14, 16, 18, 19, 21, 29, 31, 32, 33, 34, 35, 36, 39, 40, 41, 42, 44, 47, 48, 49, 50, 51, 52, 53, 54, 57, 58, 59, 60, 61, 62, 65, 66, 67, 68, 69, 70, 71, 72, 73, 74, 75, 76, 77, 78, 79, 80, 81, 82, 83, 84, 85, 86, 87, 90, 91, 92, 93, 98, 99, 100, 101, 104, 105, 106, 107, 108, 109, 110, 111, 114, 115, 116, 117, 118, 119, 123, 124, 129, 130, 131, 133, 134, 135, 136, 137, 138, 139, 140, 143, 144, 147, 148, 149, 150, 151, 152, 153, 154, 155, 156, 157, 192, 193, 194, 197, 198, 199, 200, 201, 202, 203, 204, 205, 210, 211, 212, 213, 214, 215, 216, 217, 218, 220, 231, 232, 233, 234, 237, 238, 239, 240, 243, 244, 245, 246, 247, 248, 251, 252, 253, 254, 255, 256, 257, 258, 259, 260, 261, 264, 265, 266, 267, 268, 269, 270, 271, 274, 275, 277, 278, 279, 281, 282, 285, 287, 288, 289, 293, 294, 296, 299, 300, 301, 303, 304, 306, 307, 309, 310, 312, 313, 314, 315, 320, 321, 322, 323, 325, 327, 362, 363, 365, 370, 372, 373, 374, 375, 376, 377, 378, 379, 380, 382, 383, 384, 385, 386, 663, 666, 667, 669, 670, 671, 673, 674, 675, 676, 678, 681, 682, 684, 685, 686, 688, 689, 690, 691, 692, 696, 697, 699, 701, 702, 703, 704, 706, 708, 709, 710, 712, 763, 765, 767, 770, 771, 776, 777, 780, 781, 782, 783, 784, 785, 786, 787, 788, 789, 790, 791, 792, 793, 794, 795, 802, 803, 806, 807, 808, 809, 811, 812, 813, 815, 819, 824, 825, 826, 827, 828, 829, 830, 831, 832, 834, 835, 836, 837, 839, 842, 843, 844, 845, 847, 848, 849, 851, 852, 853, 854, 855, 856, 858, 859, 860, 863, 864, 866, 880, 881, 882, 883, 884, 885, 886, 889, 890, 891, 892, 893, 894, 895, 896, 897, 898, 899, 900, 901, 902, 903, 904, 905, 906, 907, 909, 936, 937, 938, 945, 946, 947, 948, 949, 950, 955, 956, 957, 958, 959, 960, 961, 962, 964, 965, 966, 967, 969, 970, 971, 972, 973, 974, 975, 976, 977, 978, 979, 981, 994, 995, 996, 997, 999, 1000, 1001, 1003, 1004, 1005, 1007, 1010, 1011, 1012, 1013, 1014, 1017, 1018, 1019, 1021, 1032, 1033, 1034, 1044, 1045, 1102, 1105, 1113, 1114, 1115, 1116, 1117, 1118, 1119, 1120, 1121, 1124, 1125, 1126, 1127, 1128, 1129, 1130, 1131, 1132, 1133, 1136, 1137, 1140, 1141, 1142, 1143, 1144, 1145, 1148, 1149, 1150, 1151, 1152, 1153, 1157, 1158, 1159, 1160, 1161, 1162, 1163, 1164, 1167, 1168, 1169, 1170, 1171, 1172, 1173, 1174, 1178, 1179, 1180, 1184, 1185, 1188, 1189], "summary": {"covered_lines": 462, "num_statements": 781, "percent_covered": 59.15492957746479, "percent_covered_display": "59", "missing_lines": 319, "excluded_lines": 0, "percent_statements_covered": 59.15492957746479, "percent_statements_covered_display": "59"}, "missing_lines": [120, 121, 122, 132, 158, 159, 161, 162, 163, 164, 165, 166, 167, 168, 169, 170, 171, 173, 174, 175, 176, 177, 178, 179, 180, 182, 183, 184, 185, 186, 187, 188, 189, 190, 191, 283, 297, 317, 318, 324, 328, 329, 330, 331, 333, 351, 352, 353, 355, 356, 357, 358, 359, 360, 361, 388, 389, 390, 392, 393, 396, 397, 398, 399, 404, 405, 407, 408, 409, 410, 411, 412, 413, 414, 415, 416, 417, 418, 419, 421, 422, 423, 424, 426, 427, 428, 429, 430, 431, 433, 434, 436, 437, 438, 439, 440, 442, 443, 444, 445, 447, 488, 489, 490, 491, 492, 493, 497, 498, 499, 500, 502, 503, 504, 505, 506, 507, 508, 510, 512, 513, 515, 516, 518, 519, 520, 521, 522, 523, 524, 525, 526, 527, 528, 529, 530, 531, 532, 533, 534, 535, 536, 537, 538, 539, 540, 541, 542, 543, 544, 545, 546, 547, 548, 549, 550, 551, 552, 554, 555, 556, 557, 558, 559, 561, 562, 563, 564, 566, 600, 601, 602, 603, 604, 605, 611, 612, 613, 615, 617, 618, 619, 620, 621, 622, 623, 624, 625, 626, 627, 628, 629, 630, 631, 632, 633, 634, 635, 636, 637, 638, 639, 640, 641, 642, 643, 644, 645, 646, 647, 648, 649, 650, 652, 653, 655, 656, 657, 658, 660, 661, 693, 694, 705, 713, 714, 715, 716, 718, 719, 720, 721, 722, 723, 724, 725, 726, 728, 729, 730, 732, 734, 750, 751, 752, 753, 754, 755, 756, 757, 758, 759, 760, 761, 764, 766, 768, 796, 797, 798, 799, 800, 801, 810, 814, 816, 817, 818, 840, 861, 939, 940, 951, 952, 1015, 1035, 1036, 1037, 1038, 1039, 1040, 1041, 1042, 1046, 1047, 1048, 1049, 1051, 1052, 1053, 1055, 1056, 1058, 1060, 1061, 1073, 1074, 1075, 1076, 1080, 1081, 1086, 1087, 1088, 1089, 1091, 1092, 1093, 1095, 1097, 1106, 1107, 1108, 1109, 1110, 1134, 1135, 1154, 1190], "excluded_lines": [], "functions": {"get_db": {"executed_lines": [40, 41, 42, 44], "summary": {"covered_lines": 4, "num_statements": 4, "percent_covered": 100.0, "percent_covered_display": "100", "missing_lines": 0, "excluded_lines": 0, "percent_statements_covered": 100.0, "percent_statements_covered_display": "100"}, "missing_lines": [], "excluded_lines": [], "start_line": 39}, "get_settings_db": {"executed_lines": [48, 49, 50, 51, 52, 53, 54], "summary": {"covered_lines": 7, "num_statements": 7, "percent_covered": 100.0, "percent_covered_display": "100", "missing_lines": 0, "excluded_lines": 0, "percent_statements_covered": 100.0, "percent_statements_covered_display": "100"}, "missing_lines": [], "excluded_lines": [], "start_line": 47}, "get_settings_endpoint": {"executed_lines": [100, 101], "summary": {"covered_lines": 2, "num_statements": 2, "percent_covered": 100.0, "percent_covered_display": "100", "missing_lines": 0, "excluded_lines": 0, "percent_statements_covered": 100.0, "percent_statements_covered_display": "100"}, "missing_lines": [], "excluded_lines": [], "start_line": 99}, "update_settings": {"executed_lines": [106, 107, 108, 109, 110, 111], "summary": {"covered_lines": 6, "num_statements": 6, "percent_covered": 100.0, "percent_covered_display": "100", "missing_lines": 0, "excluded_lines": 0, "percent_statements_covered": 100.0, "percent_statements_covered_display": "100"}, "missing_lines": [], "excluded_lines": [], "start_line": 105}, "check_ollama_status": {"executed_lines": [116, 117, 118, 119, 123, 124], "summary": {"covered_lines": 6, "num_statements": 9, "percent_covered": 66.66666666666667, "percent_covered_display": "67", "missing_lines": 3, "excluded_lines": 0, "percent_statements_covered": 66.66666666666667, "percent_statements_covered_display": "67"}, "missing_lines": [120, 121, 122], "excluded_lines": [], "start_line": 115}, "upload_strategy": {"executed_lines": [131, 133, 134, 135, 136, 137, 138, 139, 140], "summary": {"covered_lines": 9, "num_statements": 10, "percent_covered": 90.0, "percent_covered_display": "90", "missing_lines": 1, "excluded_lines": 0, "percent_statements_covered": 90.0, "percent_statements_covered_display": "90"}, "missing_lines": [132], "excluded_lines": [], "start_line": 130}, "extract_pdf_data": {"executed_lines": [149, 150, 151, 152, 153, 154, 155, 156, 157, 192, 193, 194], "summary": {"covered_lines": 12, "num_statements": 43, "percent_covered": 27.906976744186046, "percent_covered_display": "28", "missing_lines": 31, "excluded_lines": 0, "percent_statements_covered": 27.906976744186046, "percent_statements_covered_display": "28"}, "missing_lines": [158, 159, 161, 162, 163, 164, 165, 166, 167, 168, 169, 170, 171, 173, 174, 175, 176, 177, 178, 179, 180, 182, 183, 184, 185, 186, 187, 188, 189, 190, 191], "excluded_lines": [], "start_line": 148}, "upload_pdf": {"executed_lines": [199, 200, 201, 202, 203, 204, 205], "summary": {"covered_lines": 7, "num_statements": 7, "percent_covered": 100.0, "percent_covered_display": "100", "missing_lines": 0, "excluded_lines": 0, "percent_statements_covered": 100.0, "percent_statements_covered_display": "100"}, "missing_lines": [], "excluded_lines": [], "start_line": 198}, "create_fair": {"executed_lines": [212, 213, 214, 215, 216, 217, 218, 220, 231, 232, 233, 234], "summary": {"covered_lines": 12, "num_statements": 12, "percent_covered": 100.0, "percent_covered_display": "100", "missing_lines": 0, "excluded_lines": 0, "percent_statements_covered": 100.0, "percent_statements_covered_display": "100"}, "missing_lines": [], "excluded_lines": [], "start_line": 211}, "list_fairs": {"executed_lines": [239, 240], "summary": {"covered_lines": 2, "num_statements": 2, "percent_covered": 100.0, "percent_covered_display": "100", "missing_lines": 0, "excluded_lines": 0, "percent_statements_covered": 100.0, "percent_statements_covered_display": "100"}, "missing_lines": [], "excluded_lines": [], "start_line": 238}, "get_fair": {"executed_lines": [245, 246, 247, 248], "summary": {"covered_lines": 4, "num_statements": 4, "percent_covered": 100.0, "percent_covered_display": "100", "missing_lines": 0, "excluded_lines": 0, "percent_statements_covered": 100.0, "percent_statements_covered_display": "100"}, "missing_lines": [], "excluded_lines": [], "start_line": 244}, "update_fair": {"executed_lines": [253, 254, 255, 256, 257, 258, 259, 260, 261], "summary": {"covered_lines": 9, "num_statements": 9, "percent_covered": 100.0, "percent_covered_display": "100", "missing_lines": 0, "excluded_lines": 0, "percent_statements_covered": 100.0, "percent_statements_covered_display": "100"}, "missing_lines": [], "excluded_lines": [], "start_line": 252}, "delete_fair": {"executed_lines": [266, 267, 268, 269, 270, 271], "summary": {"covered_lines": 6, "num_statements": 6, "percent_covered": 100.0, "percent_covered_display": "100", "missing_lines": 0, "excluded_lines": 0, "percent_statements_covered": 100.0, "percent_statements_covered_display": "100"}, "missing_lines": [], "excluded_lines": [], "start_line": 265}, "scrape_url": {"executed_lines": [277, 278, 279, 281, 282, 285, 287, 288, 289, 293, 294, 296, 299, 300, 301, 303, 304, 306, 307, 309, 310, 312, 313, 314, 315, 320, 321, 322, 323, 325, 327, 362, 363, 365], "summary": {"covered_lines": 34, "num_statements": 54, "percent_covered": 62.96296296296296, "percent_covered_display": "63", "missing_lines": 20, "excluded_lines": 0, "percent_statements_covered": 62.96296296296296, "percent_statements_covered_display": "63"}, "missing_lines": [283, 297, 317, 318, 324, 328, 329, 330, 331, 333, 351, 352, 353, 355, 356, 357, 358, 359, 360, 361], "excluded_lines": [], "start_line": 275}, "analyze_fair_task": {"executed_lines": [372, 373, 374, 375, 376, 377, 378, 379, 380, 382, 383, 384, 385, 386, 663], "summary": {"covered_lines": 15, "num_statements": 181, "percent_covered": 8.287292817679559, "percent_covered_display": "8", "missing_lines": 166, "excluded_lines": 0, "percent_statements_covered": 8.287292817679559, "percent_statements_covered_display": "8"}, "missing_lines": [388, 389, 390, 392, 393, 396, 397, 398, 399, 404, 405, 407, 408, 409, 410, 411, 412, 413, 414, 415, 416, 417, 418, 419, 421, 422, 423, 424, 426, 427, 428, 429, 430, 431, 433, 434, 436, 437, 438, 439, 440, 442, 443, 444, 445, 447, 488, 489, 490, 491, 492, 493, 497, 498, 499, 500, 502, 503, 504, 505, 506, 507, 508, 510, 512, 513, 515, 516, 518, 519, 520, 521, 522, 523, 524, 525, 526, 527, 528, 529, 530, 531, 532, 533, 534, 535, 536, 537, 538, 539, 540, 541, 542, 543, 544, 545, 546, 547, 548, 549, 550, 551, 552, 554, 555, 556, 557, 558, 559, 561, 562, 563, 564, 566, 600, 601, 602, 603, 604, 605, 611, 612, 613, 615, 617, 618, 619, 620, 621, 622, 623, 624, 625, 626, 627, 628, 629, 630, 631, 632, 633, 634, 635, 636, 637, 638, 639, 640, 641, 642, 643, 644, 645, 646, 647, 648, 649, 650, 652, 653, 655, 656, 657, 658, 660, 661], "excluded_lines": [], "start_line": 370}, "analyze_fair": {"executed_lines": [669, 670, 671, 673, 674, 675, 676, 678], "summary": {"covered_lines": 8, "num_statements": 8, "percent_covered": 100.0, "percent_covered_display": "100", "missing_lines": 0, "excluded_lines": 0, "percent_statements_covered": 100.0, "percent_statements_covered_display": "100"}, "missing_lines": [], "excluded_lines": [], "start_line": 667}, "evaluate_fair": {"executed_lines": [684, 685, 686, 688, 689, 690, 691, 692, 696, 697, 699, 701, 702, 703, 704, 706, 708, 709, 710, 712, 763, 765, 767, 770, 771], "summary": {"covered_lines": 25, "num_statements": 61, "percent_covered": 40.98360655737705, "percent_covered_display": "41", "missing_lines": 36, "excluded_lines": 0, "percent_statements_covered": 40.98360655737705, "percent_statements_covered_display": "41"}, "missing_lines": [693, 694, 705, 713, 714, 715, 716, 718, 719, 720, 721, 722, 723, 724, 725, 726, 728, 729, 730, 732, 734, 750, 751, 752, 753, 754, 755, 756, 757, 758, 759, 760, 761, 764, 766, 768], "excluded_lines": [], "start_line": 682}, "generate_report": {"executed_lines": [782, 783, 784, 785, 786, 787, 788, 789, 790, 791, 792, 793, 794, 795, 802, 803], "summary": {"covered_lines": 16, "num_statements": 22, "percent_covered": 72.72727272727273, "percent_covered_display": "73", "missing_lines": 6, "excluded_lines": 0, "percent_statements_covered": 72.72727272727273, "percent_statements_covered_display": "73"}, "missing_lines": [796, 797, 798, 799, 800, 801], "excluded_lines": [], "start_line": 781}, "download_report": {"executed_lines": [808, 809, 811, 812, 813, 815, 819], "summary": {"covered_lines": 7, "num_statements": 12, "percent_covered": 58.333333333333336, "percent_covered_display": "58", "missing_lines": 5, "excluded_lines": 0, "percent_statements_covered": 58.333333333333336, "percent_statements_covered_display": "58"}, "missing_lines": [810, 814, 816, 817, 818], "excluded_lines": [], "start_line": 807}, "import_excel_upload": {"executed_lines": [826, 827, 828, 829, 830, 831, 832, 834, 835, 836, 837, 839, 842, 843, 844, 845, 847, 848, 849, 851, 852, 853, 854, 855, 856, 858, 859, 860, 863, 864, 866, 880, 881, 882, 883, 884, 885, 886], "summary": {"covered_lines": 38, "num_statements": 40, "percent_covered": 95.0, "percent_covered_display": "95", "missing_lines": 2, "excluded_lines": 0, "percent_statements_covered": 95.0, "percent_statements_covered_display": "95"}, "missing_lines": [840, 861], "excluded_lines": [], "start_line": 825}, "export_excel": {"executed_lines": [891, 892, 893, 894, 895, 896, 897, 898, 899, 900, 901, 902, 903, 904, 905, 906, 907, 909, 936, 937, 938], "summary": {"covered_lines": 21, "num_statements": 23, "percent_covered": 91.30434782608695, "percent_covered_display": "91", "missing_lines": 2, "excluded_lines": 0, "percent_statements_covered": 91.30434782608695, "percent_statements_covered_display": "91"}, "missing_lines": [939, 940], "excluded_lines": [], "start_line": 890}, "clear_database": {"executed_lines": [947, 948, 949, 950], "summary": {"covered_lines": 4, "num_statements": 6, "percent_covered": 66.66666666666667, "percent_covered_display": "67", "missing_lines": 2, "excluded_lines": 0, "percent_statements_covered": 66.66666666666667, "percent_statements_covered_display": "67"}, "missing_lines": [951, 952], "excluded_lines": [], "start_line": 946}, "get_database_stats": {"executed_lines": [957, 958, 959, 960, 961, 962, 964, 965, 966, 967, 969, 970, 971, 972, 973, 974, 975, 976, 977, 978, 979, 981], "summary": {"covered_lines": 22, "num_statements": 22, "percent_covered": 100.0, "percent_covered_display": "100", "missing_lines": 0, "excluded_lines": 0, "percent_statements_covered": 100.0, "percent_statements_covered_display": "100"}, "missing_lines": [], "excluded_lines": [], "start_line": 956}, "load_strategy_prompt": {"executed_lines": [996, 997, 999, 1000, 1001, 1003, 1004, 1005, 1007], "summary": {"covered_lines": 9, "num_statements": 9, "percent_covered": 100.0, "percent_covered_display": "100", "missing_lines": 0, "excluded_lines": 0, "percent_statements_covered": 100.0, "percent_statements_covered_display": "100"}, "missing_lines": [], "excluded_lines": [], "start_line": 995}, "analyze_strategy_manual": {"executed_lines": [1012, 1013, 1014, 1017, 1018, 1019, 1021, 1032, 1033, 1034, 1044], "summary": {"covered_lines": 11, "num_statements": 20, "percent_covered": 55.0, "percent_covered_display": "55", "missing_lines": 9, "excluded_lines": 0, "percent_statements_covered": 55.0, "percent_statements_covered_display": "55"}, "missing_lines": [1015, 1035, 1036, 1037, 1038, 1039, 1040, 1041, 1042], "excluded_lines": [], "start_line": 1011}, "analyze_strategy_pdf": {"executed_lines": [], "summary": {"covered_lines": 0, "num_statements": 27, "percent_covered": 0.0, "percent_covered_display": "0", "missing_lines": 27, "excluded_lines": 0, "percent_statements_covered": 0.0, "percent_statements_covered_display": "0"}, "missing_lines": [1046, 1047, 1048, 1049, 1051, 1052, 1053, 1055, 1056, 1058, 1060, 1061, 1073, 1074, 1075, 1076, 1080, 1081, 1086, 1087, 1088, 1089, 1091, 1092, 1093, 1095, 1097], "excluded_lines": [], "start_line": 1045}, "render_template": {"executed_lines": [], "summary": {"covered_lines": 0, "num_statements": 5, "percent_covered": 0.0, "percent_covered_display": "0", "missing_lines": 5, "excluded_lines": 0, "percent_statements_covered": 0.0, "percent_statements_covered_display": "0"}, "missing_lines": [1106, 1107, 1108, 1109, 1110], "excluded_lines": [], "start_line": 1105}, "home_page": {"executed_lines": [1115, 1116, 1117, 1118, 1119, 1120, 1121], "summary": {"covered_lines": 7, "num_statements": 7, "percent_covered": 100.0, "percent_covered_display": "100", "missing_lines": 0, "excluded_lines": 0, "percent_statements_covered": 100.0, "percent_statements_covered_display": "100"}, "missing_lines": [], "excluded_lines": [], "start_line": 1114}, "fairs_list_page": {"executed_lines": [1126, 1127, 1128, 1129, 1130, 1131, 1132, 1133, 1136, 1137], "summary": {"covered_lines": 10, "num_statements": 12, "percent_covered": 83.33333333333333, "percent_covered_display": "83", "missing_lines": 2, "excluded_lines": 0, "percent_statements_covered": 83.33333333333333, "percent_statements_covered_display": "83"}, "missing_lines": [1134, 1135], "excluded_lines": [], "start_line": 1125}, "new_fair_page": {"executed_lines": [1142, 1143, 1144, 1145], "summary": {"covered_lines": 4, "num_statements": 4, "percent_covered": 100.0, "percent_covered_display": "100", "missing_lines": 0, "excluded_lines": 0, "percent_statements_covered": 100.0, "percent_statements_covered_display": "100"}, "missing_lines": [], "excluded_lines": [], "start_line": 1141}, "fair_detail_page": {"executed_lines": [1150, 1151, 1152, 1153], "summary": {"covered_lines": 4, "num_statements": 5, "percent_covered": 80.0, "percent_covered_display": "80", "missing_lines": 1, "excluded_lines": 0, "percent_statements_covered": 80.0, "percent_statements_covered_display": "80"}, "missing_lines": [1154], "excluded_lines": [], "start_line": 1149}, "settings_page": {"executed_lines": [1159, 1160, 1161, 1162, 1163, 1164], "summary": {"covered_lines": 6, "num_statements": 6, "percent_covered": 100.0, "percent_covered_display": "100", "missing_lines": 0, "excluded_lines": 0, "percent_statements_covered": 100.0, "percent_statements_covered_display": "100"}, "missing_lines": [], "excluded_lines": [], "start_line": 1158}, "maintenance_page": {"executed_lines": [1169, 1170, 1171, 1172, 1173, 1174], "summary": {"covered_lines": 6, "num_statements": 6, "percent_covered": 100.0, "percent_covered_display": "100", "missing_lines": 0, "excluded_lines": 0, "percent_statements_covered": 100.0, "percent_statements_covered_display": "100"}, "missing_lines": [], "excluded_lines": [], "start_line": 1168}, "fair_scan": {"executed_lines": [1180], "summary": {"covered_lines": 1, "num_statements": 1, "percent_covered": 100.0, "percent_covered_display": "100", "missing_lines": 0, "excluded_lines": 0, "percent_statements_covered": 100.0, "percent_statements_covered_display": "100"}, "missing_lines": [], "excluded_lines": [], "start_line": 1179}, "health_check": {"executed_lines": [], "summary": {"covered_lines": 0, "num_statements": 1, "percent_covered": 0.0, "percent_covered_display": "0", "missing_lines": 1, "excluded_lines": 0, "percent_statements_covered": 0.0, "percent_statements_covered_display": "0"}, "missing_lines": [1190], "excluded_lines": [], "start_line": 1189}, "": {"executed_lines": [1, 2, 3, 4, 5, 6, 7, 8, 10, 11, 13, 14, 16, 18, 19, 21, 29, 31, 32, 33, 34, 35, 36, 39, 47, 57, 58, 59, 60, 61, 62, 65, 66, 67, 68, 69, 70, 71, 72, 73, 74, 75, 76, 77, 78, 79, 80, 81, 82, 83, 84, 85, 86, 87, 90, 91, 92, 93, 98, 99, 104, 105, 114, 115, 129, 130, 143, 144, 147, 148, 197, 198, 210, 211, 237, 238, 243, 244, 251, 252, 264, 265, 274, 275, 370, 666, 667, 681, 682, 776, 777, 780, 781, 806, 807, 824, 825, 889, 890, 945, 946, 955, 956, 994, 995, 1010, 1011, 1045, 1102, 1105, 1113, 1114, 1124, 1125, 1140, 1141, 1148, 1149, 1157, 1158, 1167, 1168, 1178, 1179, 1184, 1185, 1188, 1189], "summary": {"covered_lines": 128, "num_statements": 128, "percent_covered": 100.0, "percent_covered_display": "100", "missing_lines": 0, "excluded_lines": 0, "percent_statements_covered": 100.0, "percent_statements_covered_display": "100"}, "missing_lines": [], "excluded_lines": [], "start_line": 1}}, "classes": {"FairCreate": {"executed_lines": [], "summary": {"covered_lines": 0, "num_statements": 0, "percent_covered": 100.0, "percent_covered_display": "100", "missing_lines": 0, "excluded_lines": 0, "percent_statements_covered": 100.0, "percent_statements_covered_display": "100"}, "missing_lines": [], "excluded_lines": [], "start_line": 57}, "FairUpdate": {"executed_lines": [], "summary": {"covered_lines": 0, "num_statements": 0, "percent_covered": 100.0, "percent_covered_display": "100", "missing_lines": 0, "excluded_lines": 0, "percent_statements_covered": 100.0, "percent_statements_covered_display": "100"}, "missing_lines": [], "excluded_lines": [], "start_line": 65}, "SettingsUpdate": {"executed_lines": [], "summary": {"covered_lines": 0, "num_statements": 0, "percent_covered": 100.0, "percent_covered_display": "100", "missing_lines": 0, "excluded_lines": 0, "percent_statements_covered": 100.0, "percent_statements_covered_display": "100"}, "missing_lines": [], "excluded_lines": [], "start_line": 90}, "ExtractPdfRequest": {"executed_lines": [], "summary": {"covered_lines": 0, "num_statements": 0, "percent_covered": 100.0, "percent_covered_display": "100", "missing_lines": 0, "excluded_lines": 0, "percent_statements_covered": 100.0, "percent_statements_covered_display": "100"}, "missing_lines": [], "excluded_lines": [], "start_line": 143}, "ReportFormat": {"executed_lines": [], "summary": {"covered_lines": 0, "num_statements": 0, "percent_covered": 100.0, "percent_covered_display": "100", "missing_lines": 0, "excluded_lines": 0, "percent_statements_covered": 100.0, "percent_statements_covered_display": "100"}, "missing_lines": [], "excluded_lines": [], "start_line": 776}, "": {"executed_lines": [1, 2, 3, 4, 5, 6, 7, 8, 10, 11, 13, 14, 16, 18, 19, 21, 29, 31, 32, 33, 34, 35, 36, 39, 40, 41, 42, 44, 47, 48, 49, 50, 51, 52, 53, 54, 57, 58, 59, 60, 61, 62, 65, 66, 67, 68, 69, 70, 71, 72, 73, 74, 75, 76, 77, 78, 79, 80, 81, 82, 83, 84, 85, 86, 87, 90, 91, 92, 93, 98, 99, 100, 101, 104, 105, 106, 107, 108, 109, 110, 111, 114, 115, 116, 117, 118, 119, 123, 124, 129, 130, 131, 133, 134, 135, 136, 137, 138, 139, 140, 143, 144, 147, 148, 149, 150, 151, 152, 153, 154, 155, 156, 157, 192, 193, 194, 197, 198, 199, 200, 201, 202, 203, 204, 205, 210, 211, 212, 213, 214, 215, 216, 217, 218, 220, 231, 232, 233, 234, 237, 238, 239, 240, 243, 244, 245, 246, 247, 248, 251, 252, 253, 254, 255, 256, 257, 258, 259, 260, 261, 264, 265, 266, 267, 268, 269, 270, 271, 274, 275, 277, 278, 279, 281, 282, 285, 287, 288, 289, 293, 294, 296, 299, 300, 301, 303, 304, 306, 307, 309, 310, 312, 313, 314, 315, 320, 321, 322, 323, 325, 327, 362, 363, 365, 370, 372, 373, 374, 375, 376, 377, 378, 379, 380, 382, 383, 384, 385, 386, 663, 666, 667, 669, 670, 671, 673, 674, 675, 676, 678, 681, 682, 684, 685, 686, 688, 689, 690, 691, 692, 696, 697, 699, 701, 702, 703, 704, 706, 708, 709, 710, 712, 763, 765, 767, 770, 771, 776, 777, 780, 781, 782, 783, 784, 785, 786, 787, 788, 789, 790, 791, 792, 793, 794, 795, 802, 803, 806, 807, 808, 809, 811, 812, 813, 815, 819, 824, 825, 826, 827, 828, 829, 830, 831, 832, 834, 835, 836, 837, 839, 842, 843, 844, 845, 847, 848, 849, 851, 852, 853, 854, 855, 856, 858, 859, 860, 863, 864, 866, 880, 881, 882, 883, 884, 885, 886, 889, 890, 891, 892, 893, 894, 895, 896, 897, 898, 899, 900, 901, 902, 903, 904, 905, 906, 907, 909, 936, 937, 938, 945, 946, 947, 948, 949, 950, 955, 956, 957, 958, 959, 960, 961, 962, 964, 965, 966, 967, 969, 970, 971, 972, 973, 974, 975, 976, 977, 978, 979, 981, 994, 995, 996, 997, 999, 1000, 1001, 1003, 1004, 1005, 1007, 1010, 1011, 1012, 1013, 1014, 1017, 1018, 1019, 1021, 1032, 1033, 1034, 1044, 1045, 1102, 1105, 1113, 1114, 1115, 1116, 1117, 1118, 1119, 1120, 1121, 1124, 1125, 1126, 1127, 1128, 1129, 1130, 1131, 1132, 1133, 1136, 1137, 1140, 1141, 1142, 1143, 1144, 1145, 1148, 1149, 1150, 1151, 1152, 1153, 1157, 1158, 1159, 1160, 1161, 1162, 1163, 1164, 1167, 1168, 1169, 1170, 1171, 1172, 1173, 1174, 1178, 1179, 1180, 1184, 1185, 1188, 1189], "summary": {"covered_lines": 462, "num_statements": 781, "percent_covered": 59.15492957746479, "percent_covered_display": "59", "missing_lines": 319, "excluded_lines": 0, "percent_statements_covered": 59.15492957746479, "percent_statements_covered_display": "59"}, "missing_lines": [120, 121, 122, 132, 158, 159, 161, 162, 163, 164, 165, 166, 167, 168, 169, 170, 171, 173, 174, 175, 176, 177, 178, 179, 180, 182, 183, 184, 185, 186, 187, 188, 189, 190, 191, 283, 297, 317, 318, 324, 328, 329, 330, 331, 333, 351, 352, 353, 355, 356, 357, 358, 359, 360, 361, 388, 389, 390, 392, 393, 396, 397, 398, 399, 404, 405, 407, 408, 409, 410, 411, 412, 413, 414, 415, 416, 417, 418, 419, 421, 422, 423, 424, 426, 427, 428, 429, 430, 431, 433, 434, 436, 437, 438, 439, 440, 442, 443, 444, 445, 447, 488, 489, 490, 491, 492, 493, 497, 498, 499, 500, 502, 503, 504, 505, 506, 507, 508, 510, 512, 513, 515, 516, 518, 519, 520, 521, 522, 523, 524, 525, 526, 527, 528, 529, 530, 531, 532, 533, 534, 535, 536, 537, 538, 539, 540, 541, 542, 543, 544, 545, 546, 547, 548, 549, 550, 551, 552, 554, 555, 556, 557, 558, 559, 561, 562, 563, 564, 566, 600, 601, 602, 603, 604, 605, 611, 612, 613, 615, 617, 618, 619, 620, 621, 622, 623, 624, 625, 626, 627, 628, 629, 630, 631, 632, 633, 634, 635, 636, 637, 638, 639, 640, 641, 642, 643, 644, 645, 646, 647, 648, 649, 650, 652, 653, 655, 656, 657, 658, 660, 661, 693, 694, 705, 713, 714, 715, 716, 718, 719, 720, 721, 722, 723, 724, 725, 726, 728, 729, 730, 732, 734, 750, 751, 752, 753, 754, 755, 756, 757, 758, 759, 760, 761, 764, 766, 768, 796, 797, 798, 799, 800, 801, 810, 814, 816, 817, 818, 840, 861, 939, 940, 951, 952, 1015, 1035, 1036, 1037, 1038, 1039, 1040, 1041, 1042, 1046, 1047, 1048, 1049, 1051, 1052, 1053, 1055, 1056, 1058, 1060, 1061, 1073, 1074, 1075, 1076, 1080, 1081, 1086, 1087, 1088, 1089, 1091, 1092, 1093, 1095, 1097, 1106, 1107, 1108, 1109, 1110, 1134, 1135, 1154, 1190], "excluded_lines": [], "start_line": 1}}}, "src\\fair_evaluator\\models.py": {"executed_lines": [1, 2, 5, 6, 7, 8, 9, 10, 11, 12, 13, 14, 15, 16, 17, 18, 19, 20, 21, 22, 23, 24, 25, 26, 27, 28, 29, 30, 31, 32, 33, 34, 35, 36, 37, 38, 39, 40, 41, 42, 43, 45, 46, 49, 50, 51, 52, 53, 54, 55, 57, 58], "summary": {"covered_lines": 52, "num_statements": 52, "percent_covered": 100.0, "percent_covered_display": "100", "missing_lines": 0, "excluded_lines": 0, "percent_statements_covered": 100.0, "percent_statements_covered_display": "100"}, "missing_lines": [], "excluded_lines": [], "functions": {"Fair.__repr__": {"executed_lines": [46], "summary": {"covered_lines": 1, "num_statements": 1, "percent_covered": 100.0, "percent_covered_display": "100", "missing_lines": 0, "excluded_lines": 0, "percent_statements_covered": 100.0, "percent_statements_covered_display": "100"}, "missing_lines": [], "excluded_lines": [], "start_line": 45}, "Settings.__repr__": {"executed_lines": [58], "summary": {"covered_lines": 1, "num_statements": 1, "percent_covered": 100.0, "percent_covered_display": "100", "missing_lines": 0, "excluded_lines": 0, "percent_statements_covered": 100.0, "percent_statements_covered_display": "100"}, "missing_lines": [], "excluded_lines": [], "start_line": 57}, "": {"executed_lines": [1, 2, 5, 6, 7, 8, 9, 10, 11, 12, 13, 14, 15, 16, 17, 18, 19, 20, 21, 22, 23, 24, 25, 26, 27, 28, 29, 30, 31, 32, 33, 34, 35, 36, 37, 38, 39, 40, 41, 42, 43, 45, 49, 50, 51, 52, 53, 54, 55, 57], "summary": {"covered_lines": 50, "num_statements": 50, "percent_covered": 100.0, "percent_covered_display": "100", "missing_lines": 0, "excluded_lines": 0, "percent_statements_covered": 100.0, "percent_statements_covered_display": "100"}, "missing_lines": [], "excluded_lines": [], "start_line": 1}}, "classes": {"Fair": {"executed_lines": [46], "summary": {"covered_lines": 1, "num_statements": 1, "percent_covered": 100.0, "percent_covered_display": "100", "missing_lines": 0, "excluded_lines": 0, "percent_statements_covered": 100.0, "percent_statements_covered_display": "100"}, "missing_lines": [], "excluded_lines": [], "start_line": 5}, "Settings": {"executed_lines": [58], "summary": {"covered_lines": 1, "num_statements": 1, "percent_covered": 100.0, "percent_covered_display": "100", "missing_lines": 0, "excluded_lines": 0, "percent_statements_covered": 100.0, "percent_statements_covered_display": "100"}, "missing_lines": [], "excluded_lines": [], "start_line": 49}, "": {"executed_lines": [1, 2, 5, 6, 7, 8, 9, 10, 11, 12, 13, 14, 15, 16, 17, 18, 19, 20, 21, 22, 23, 24, 25, 26, 27, 28, 29, 30, 31, 32, 33, 34, 35, 36, 37, 38, 39, 40, 41, 42, 43, 45, 49, 50, 51, 52, 53, 54, 55, 57], "summary": {"covered_lines": 50, "num_statements": 50, "percent_covered": 100.0, "percent_covered_display": "100", "missing_lines": 0, "excluded_lines": 0, "percent_statements_covered": 100.0, "percent_statements_covered_display": "100"}, "missing_lines": [], "excluded_lines": [], "start_line": 1}}}, "src\\fair_evaluator\\services\\ingest.py": {"executed_lines": [1, 2, 3, 4, 5, 6, 7, 9, 12, 13, 14, 18, 19, 22, 23, 24, 25, 26, 29, 30, 31, 34, 35, 41, 42, 44, 45, 46, 47, 50, 51, 70, 71, 72], "summary": {"covered_lines": 34, "num_statements": 45, "percent_covered": 75.55555555555556, "percent_covered_display": "76", "missing_lines": 11, "excluded_lines": 0, "percent_statements_covered": 75.55555555555556, "percent_statements_covered_display": "76"}, "missing_lines": [15, 16, 17, 32, 33, 36, 37, 38, 39, 40, 48], "excluded_lines": [], "functions": {"extract_text_from_url": {"executed_lines": [13, 14, 18, 19], "summary": {"covered_lines": 4, "num_statements": 7, "percent_covered": 57.142857142857146, "percent_covered_display": "57", "missing_lines": 3, "excluded_lines": 0, "percent_statements_covered": 57.142857142857146, "percent_statements_covered_display": "57"}, "missing_lines": [15, 16, 17], "excluded_lines": [], "start_line": 12}, "extract_text_from_html": {"executed_lines": [23, 24, 25, 26], "summary": {"covered_lines": 4, "num_statements": 4, "percent_covered": 100.0, "percent_covered_display": "100", "missing_lines": 0, "excluded_lines": 0, "percent_statements_covered": 100.0, "percent_statements_covered_display": "100"}, "missing_lines": [], "excluded_lines": [], "start_line": 22}, "extract_text_from_pdf": {"executed_lines": [30, 31, 34, 35, 41, 42], "summary": {"covered_lines": 6, "num_statements": 13, "percent_covered": 46.15384615384615, "percent_covered_display": "46", "missing_lines": 7, "excluded_lines": 0, "percent_statements_covered": 46.15384615384615, "percent_statements_covered_display": "46"}, "missing_lines": [32, 33, 36, 37, 38, 39, 40], "excluded_lines": [], "start_line": 29}, "scrape_text_from_site": {"executed_lines": [45, 46, 47], "summary": {"covered_lines": 3, "num_statements": 4, "percent_covered": 75.0, "percent_covered_display": "75", "missing_lines": 1, "excluded_lines": 0, "percent_statements_covered": 75.0, "percent_statements_covered_display": "75"}, "missing_lines": [48], "excluded_lines": [], "start_line": 44}, "ingest_fair_metadata": {"executed_lines": [51, 70, 71, 72], "summary": {"covered_lines": 4, "num_statements": 4, "percent_covered": 100.0, "percent_covered_display": "100", "missing_lines": 0, "excluded_lines": 0, "percent_statements_covered": 100.0, "percent_statements_covered_display": "100"}, "missing_lines": [], "excluded_lines": [], "start_line": 50}, "": {"executed_lines": [1, 2, 3, 4, 5, 6, 7, 9, 12, 22, 29, 44, 50], "summary": {"covered_lines": 13, "num_statements": 13, "percent_covered": 100.0, "percent_covered_display": "100", "missing_lines": 0, "excluded_lines": 0, "percent_statements_covered": 100.0, "percent_statements_covered_display": "100"}, "missing_lines": [], "excluded_lines": [], "start_line": 1}}, "classes": {"": {"executed_lines": [1, 2, 3, 4, 5, 6, 7, 9, 12, 13, 14, 18, 19, 22, 23, 24, 25, 26, 29, 30, 31, 34, 35, 41, 42, 44, 45, 46, 47, 50, 51, 70, 71, 72], "summary": {"covered_lines": 34, "num_statements": 45, "percent_covered": 75.55555555555556, "percent_covered_display": "76", "missing_lines": 11, "excluded_lines": 0, "percent_statements_covered": 75.55555555555556, "percent_statements_covered_display": "76"}, "missing_lines": [15, 16, 17, 32, 33, 36, 37, 38, 39, 40, 48], "excluded_lines": [], "start_line": 1}}}, "src\\fair_evaluator\\services\\ollama.py": {"executed_lines": [1, 2, 3, 6, 7, 8, 10, 11, 12, 17, 18, 23, 24, 25], "summary": {"covered_lines": 14, "num_statements": 18, "percent_covered": 77.77777777777777, "percent_covered_display": "78", "missing_lines": 4, "excluded_lines": 0, "percent_statements_covered": 77.77777777777777, "percent_statements_covered_display": "78"}, "missing_lines": [19, 20, 21, 22], "excluded_lines": [], "functions": {"OllamaClient.__init__": {"executed_lines": [8], "summary": {"covered_lines": 1, "num_statements": 1, "percent_covered": 100.0, "percent_covered_display": "100", "missing_lines": 0, "excluded_lines": 0, "percent_statements_covered": 100.0, "percent_statements_covered_display": "100"}, "missing_lines": [], "excluded_lines": [], "start_line": 7}, "OllamaClient.chat": {"executed_lines": [11, 12, 17, 18, 23, 24, 25], "summary": {"covered_lines": 7, "num_statements": 11, "percent_covered": 63.63636363636363, "percent_covered_display": "64", "missing_lines": 4, "excluded_lines": 0, "percent_statements_covered": 63.63636363636363, "percent_statements_covered_display": "64"}, "missing_lines": [19, 20, 21, 22], "excluded_lines": [], "start_line": 10}, "": {"executed_lines": [1, 2, 3, 6, 7, 10], "summary": {"covered_lines": 6, "num_statements": 6, "percent_covered": 100.0, "percent_covered_display": "100", "missing_lines": 0, "excluded_lines": 0, "percent_statements_covered": 100.0, "percent_statements_covered_display": "100"}, "missing_lines": [], "excluded_lines": [], "start_line": 1}}, "classes": {"OllamaClient": {"executed_lines": [8, 11, 12, 17, 18, 23, 24, 25], "summary": {"covered_lines": 8, "num_statements": 12, "percent_covered": 66.66666666666667, "percent_covered_display": "67", "missing_lines": 4, "excluded_lines": 0, "percent_statements_covered": 66.66666666666667, "percent_statements_covered_display": "67"}, "missing_lines": [19, 20, 21, 22], "excluded_lines": [], "start_line": 6}, "": {"executed_lines": [1, 2, 3, 6, 7, 10], "summary": {"covered_lines": 6, "num_statements": 6, "percent_covered": 100.0, "percent_covered_display": "100", "missing_lines": 0, "excluded_lines": 0, "percent_statements_covered": 100.0, "percent_statements_covered_display": "100"}, "missing_lines": [], "excluded_lines": [], "start_line": 1}}}}, "totals": {"covered_lines": 607, "num_statements": 943, "percent_covered": 64.36903499469777, "percent_covered_display": "64", "missing_lines": 336, "excluded_lines": 0, "percent_statements_covered": 64.36903499469777, "percent_statements_covered_display": "64"}}